<?xml version="1.0" encoding="UTF-8"?>
<!-- Generated by org.testng.reporters.JUnitReportReporter -->
<testsuite hostname="Adil-HP" name="com.selenium.week4.MorgageCalculatorTest" tests="1" failures="0" timestamp="17 May 2017 23:43:13 GMT" time="46.686" errors="0">
  <testcase name="testing_MorgageCalculator" time="46.686" classname="com.selenium.week4.MorgageCalculatorTest"/>
</testsuite> <!-- com.selenium.week4.MorgageCalculatorTest -->
